{
  "messages": [
    {
      "type": "ai",
      "content": ""
    },
    {
      "type": "tool",
      "content": "mvnw.cmd\nmvnw\nDockerfile\ncheckstyle.xml\nREADME.md\nJenkinsfile\nagent_state.json\n.gitignore\npom.xml\n.gitattributes\n.mvn/wrapper/maven-wrapper.properties\nsrc/test/java/com/tomwey2/calculator/CalculatorApplicationTests.java\nsrc/test/java/com/tomwey2/calculator/CalculatorServiceTest.java\nsrc/main/java/com/tomwey2/calculator/CalculatorController.java\nsrc/main/java/com/tomwey2/calculator/CalculatorApplication.java\nsrc/main/java/com/tomwey2/calculator/CalculatorService.java\nsrc/main/resources/application.properties"
    },
    {
      "type": "ai",
      "content": ""
    },
    {
      "type": "tool",
      "content": "package com.tomwey2.calculator;\n\nimport org.springframework.stereotype.Service;\n\n@Service\npublic class CalculatorService {\n    public int sum(int a, int b) {\n        return a + b;\n    }\n\n    public double divide(int a, int b) {\n        if (b == 0) {\n            throw new IllegalArgumentException(\"Division by zero is not allowed.\");\n        }\n        return (double) a / b;\n    }\n}\n"
    },
    {
      "type": "tool",
      "content": "package com.tomwey2.calculator;\n\nimport org.springframework.beans.factory.annotation.Autowired;\nimport org.springframework.web.bind.annotation.RequestMapping;\nimport org.springframework.web.bind.annotation.RequestParam;\nimport org.springframework.web.bind.annotation.RestController;\nimport org.springframework.http.ResponseEntity;\nimport org.springframework.web.bind.annotation.ExceptionHandler;\n\n@RestController\npublic class CalculatorController {\n    @Autowired\n    private CalculatorService calculatorService;\n\n    @RequestMapping(\"/sum\")\n    String sum(@RequestParam(\"a\") Integer a, @RequestParam(\"b\") Integer b) {\n        return String.valueOf(calculatorService.sum(a, b));\n    }\n\n    @RequestMapping(\"/divide\")\n    ResponseEntity<String> divide(@RequestParam(\"a\") Integer a, @RequestParam(\"b\") Integer b) {\n        try {\n            double result = calculatorService.divide(a, b);\n            return ResponseEntity.ok(String.valueOf(result));\n        } catch (IllegalArgumentException e) {\n            return ResponseEntity.badRequest().body(e.getMessage());\n        }\n    }\n}\n"
    },
    {
      "type": "tool",
      "content": "package com.tomwey2.calculator;\n\nimport org.junit.jupiter.api.Test;\n\nimport static org.junit.jupiter.api.Assertions.*;\n\nclass CalculatorServiceTest {\n\n    private CalculatorService calculatorService = new CalculatorService();\n\n    @Test\n    public void sumTest() {\n        assertEquals(5, calculatorService.sum(2, 3));\n    }\n\n    @Test\n    public void divideTest() {\n        // Test division of two positive numbers\n        assertEquals(2.0, calculatorService.divide(4, 2), 0.0001);\n\n        // Test division of negative numbers\n        assertEquals(2.0, calculatorService.divide(-4, -2), 0.0001);\n\n        // Test division by zero\n        IllegalArgumentException exception = assertThrows(IllegalArgumentException.class, () -> {\n            calculatorService.divide(4, 0);\n        });\n        assertEquals(\"Division by zero is not allowed.\", exception.getMessage());\n    }\n}\n"
    },
    {
      "type": "ai",
      "content": ""
    },
    {
      "type": "tool",
      "content": "Thought recorded. Proceed with the next tool."
    },
    {
      "type": "ai",
      "content": ""
    },
    {
      "type": "tool",
      "content": "package com.tomwey2.calculator;\n\nimport org.junit.jupiter.api.Test;\nimport org.springframework.boot.test.context.SpringBootTest;\nimport org.springframework.boot.test.web.client.TestRestTemplate;\nimport org.springframework.boot.test.web.server.LocalServerPort;\nimport org.springframework.http.HttpStatus;\nimport org.springframework.http.ResponseEntity;\n\nimport static org.junit.jupiter.api.Assertions.*;\n\n@SpringBootTest(webEnvironment = SpringBootTest.WebEnvironment.RANDOM_PORT)\nclass CalculatorApplicationTests {\n\n    @LocalServerPort\n    private int port;\n\n    private TestRestTemplate restTemplate = new TestRestTemplate();\n\n    @Test\n    void contextLoads() {\n    }\n\n    @Test\n    void testDividePositiveNumbers() {\n        ResponseEntity<String> response = restTemplate.getForEntity(\n            \"http://localhost:\" + port + \"/divide?a=4&b=2\",\n            String.class\n        );\n        assertEquals(HttpStatus.OK, response.getStatusCode());\n        assertEquals(\"2.0\", response.getBody());\n    }\n\n    @Test\n    void testDivideNegativeNumbers() {\n        ResponseEntity<String> response = restTemplate.getForEntity(\n            \"http://localhost:\" + port + \"/divide?a=-4&b=-2\",\n            String.class\n        );\n        assertEquals(HttpStatus.OK, response.getStatusCode());\n        assertEquals(\"2.0\", response.getBody());\n    }\n\n    @Test\n    void testDivideByZero() {\n        ResponseEntity<String> response = restTemplate.getForEntity(\n            \"http://localhost:\" + port + \"/divide?a=4&b=0\",\n            String.class\n        );\n        assertEquals(HttpStatus.BAD_REQUEST, response.getStatusCode());\n        assertEquals(\"Division by zero is not allowed.\", response.getBody());\n    }\n\n}"
    },
    {
      "type": "ai",
      "content": ""
    },
    {
      "type": "tool",
      "content": "Thought recorded. Proceed with the next tool."
    },
    {
      "type": "ai",
      "content": ""
    },
    {
      "type": "tool",
      "content": "Task marked as finished."
    },
    {
      "type": "ai",
      "content": ""
    },
    {
      "type": "tool",
      "content": "\u2705 SUCCESS:\n./pom.xml\n"
    },
    {
      "type": "ai",
      "content": ""
    },
    {
      "type": "tool",
      "content": "\u2705 SUCCESS:\n[INFO] Scanning for projects...\nDownloading from central: https://repo.maven.apache.org/maven2/org/springframework/boot/spring-boot-starter-parent/3.5.0/spring-boot-starter-parent-3.5.0.pom\nProgress (1): 1.1 kB\rProgress (1): 2.7 kB\rProgress (1): 6.7 kB\rProgress (1): 11 kB \rProgress (1): 13 kB\r                   \rDownloaded from central: https://repo.maven.apache.org/maven2/org/springframework/boot/spring-boot-starter-parent/3.5.0/spring-boot-starter-parent-3.5.0.pom (13 kB at 38 kB/s)\nDownloading from central: https://repo.maven.apache.org/maven2/org/springframework/boot/spring-boot-dependencies/3.5.0/spring-boot-dependencies-3.5.0.pom\nProgress (1): 1.0 kB\rProgress (1): 2.4 kB\rProgress (1): 4.5 kB\rProgress (1): 6.7 kB\rProgress (1): 8.3 kB\rProgress (1): 11 kB \rProgress (1): 14 kB\rProgress (1): 20 kB\rProgress (1): 29 kB\rProgress (1): 38 kB\rProgress (1): 42 kB\rProgress (1): 50 kB\rProgress (1): 60 kB\rProgress (1): 69 kB\rProgress (1): 77 kB\rProgress (1): 84 kB\rProgress (1): 89 kB\rProgress (1): 96 kB\rProgress (1): 96 kB\r                   \rDownloaded from central: https://repo.maven.apache.org/maven2/org/springframework/boot/spring-boot-dependencies/3.5.0/spring-boot-dependencies-3.5.0.pom (96 kB at 2.0 MB/s)\nDownloading from central: https://repo.maven.apache.org/maven2/org/apache/activemq/activemq-bom/6.1.6/activemq-bom-6.1.6.pom\nProgress (1): 799 B\rProgress (1): 2.0 kB\rProgress (1): 7.9 kB\r                    \rDownloaded from central: https://repo.maven.apache.org/maven2/org/apache/activemq/activemq-bom/6.1.6/activemq-bom-6.1.6.pom (7.9 kB at 207 kB/s)\nDownloading from central: https://repo.maven.apache.org/maven2/org/apache/activemq/artemis-bom/2.40.0/artemis-bom-2.40.0.pom\nProgress (1): 817 B\rProgress (1): 3.9 kB\rProgress (1): 9.6 kB\r                    \rDownloaded from central: https://repo.maven.apache.org/maven2/org/apache/activemq/artemis-bom/2.40.0/artemis-bom-2.40.0.pom (9.6 kB at 260 kB/s)\nDownloading from central: https://repo.maven.apache.org/maven2/org/apache/activemq/artemis-project/2.40.0/artemis-project-2.40.0.pom\nProgress (1): 708 B\rProgress (1): 2.1 kB\rProgress (1): 4.5 kB\rProgress (1): 6.4 kB\rProgress (1): 8.0 kB\rProgress (1): 10 kB \rProgress (1): 12 kB\rProgress (1): 13 kB\rProgress (1): 15 kB\rProgress (1): 17 kB\rProgress (1): 19 kB\rProgress (1): 24 kB\rProgress (1): 27 kB\rProgress (1): 29 kB\rProgress (1): 35 kB\rProgress (1): 40 kB\rProgress (1): 42 kB\rProgress (1): 45 kB\rProgress (1): 49 kB\rProgress (1): 51 kB\rProgress (1): 55 kB\rProgress (1): 56 kB\r                   \rDownloaded from central: https://repo.maven.apache.org/maven2/org/apache/activemq/artemis-project/2.40.0/artemis-project-2.40.0.pom (56 kB at 1.2 MB/s)\nDownloading from central: https://repo.maven.apache.org/maven2/org/apache/apache/33/apache-33.pom\nProgress (1): 741 B\rProgress (1): 1.7 kB\rProgress (1): 3.5 kB\rProgress (1): 5.4 kB\rProgress (1): 7.3 kB\rProgress (1): 13 kB \rProgress (1): 18 kB\rProgress (1): 19 kB\rProgress (1): 22 kB\rProgress (1): 24 kB\r                   \rDownloaded from central: https://repo.maven.apache.org/maven2/org/apache/apache/33/apache-33.pom (24 kB at 605 kB/s)\nDownloading from central: https://repo.maven.apache.org/maven2/org/assertj/assertj-bom/3.27.3/assertj-bom-3.27.3.pom\nProgress (1): 1.0 kB\rProgress (1): 3.2 kB\rProgress (1): 3.7 kB\r                    \rDownloaded from central: https://repo.maven.apache.org/maven2/org/assertj/assertj-bom/3.27.3/assertj-bom-3.27.3.pom (3.7 kB at 105 kB/s)\nDownloading from central: https://repo.maven.apache.org/maven2/io/zipkin/reporter2/zipkin-reporter-bom/3.5.0/zipkin-reporter-bom-3.5.0.pom\nProgress (1): 756 B\rProgress (1): 2.0 kB\rProgress (1): 5.5 kB\rProgress (1): 6.3 kB\r                    \rDownloaded from central: https://repo.maven.apache.org/maven2/io/zipkin/reporter2/zipkin-reporter-bom/3.5.0/zipkin-reporter-bom-3.5.0.pom (6.3 kB at 161 kB/s)\nDownloading from central: https://repo.maven.apache.org/maven2/io/zipkin/brave/brave-bom/6.1.0/brave-bom-6.1.0.pom\nProgress (1): 1.1 kB\rProgress (1): 2.5 kB\rProgress (1): 11 kB \rProgress (1): 11 kB\r                   \rDownloaded from central: https://repo.maven.apache.org/maven2/io/zipkin/brave/brave-bom/6.1.0/brave-bom-6.1.0.pom (11 kB at 297 kB/s)\nDownloading from central: https://repo.maven.apache.org/maven2/org/apache/cassandra/java-driver-bom/4.19.0/java-driver-bom-4.19.0.pom\nProgress (1): 817 B\rProgress (1): 1.7 kB\rProgress (1): 3.7 kB\rProgress (1): 5.5 kB\r                    \rDownloaded from central: https://repo.maven.apache.org/maven2/org/apache/cassandra/java-driver-bom/4.19.0/java-driver-bom-4.19.0.pom (5.5 kB at 136 kB/s)\nDownloading from central: https://repo.maven.apache.org/maven2/org/glassfish/jaxb/jaxb-bom/4.0.5/jaxb-bom-4.0.5.pom\nProgress (1): 849 B\rProgress (1): 3.8 kB\rProgress (1): 12 kB \r                   \rDownloaded from central: https://repo.maven.apache.org/maven2/org/glassfish/jaxb/jaxb-bom/4.0.5/jaxb-bom-4.0.5.pom (12 kB at 306 kB/s)\nDownloading from central: https://repo.maven.apache.org/maven2/org/eclipse/ee4j/project/1.0.9/project-1.0.9.pom\nProgress (1): 876 B\rProgress (1): 1.9 kB\rProgress (1): 4.7 kB\rProgress (1): 7.4 kB\rProgress (1): 11 kB \rProgress (1): 16 kB\r                   \rDownloaded from central: https://repo.maven.apache.org/maven2/org/eclipse/ee4j/project/1.0.9/project-1.0.9.pom (16 kB at 384 kB/s)\nDownloading from central: https://repo.maven.apache.org/maven2/org/apache/groovy/groovy-bom/4.0.26/groovy-bom-4.0.26.pom\nProgress (1): 863 B\rProgress (1): 3.6 kB\rProgress (1): 7.0 kB\rProgress (1): 11 kB \rProgress (1): 14 kB\rProgress (1): 18 kB\rProgress (1): 22 kB\rProgress (1): 24 kB\rProgress (1): 27 kB\r                   \rDownloaded from central: https://repo.maven.apache.org/maven2/org/apache/groovy/groovy-bom/4.0.26/groovy-bom-4.0.26.pom (27 kB at 682 kB/s)\nDownloading from central: https://repo.maven.apache.org/maven2/org/infinispan/infinispan-bom/15.2.1.Final/infinispan-bom-15.2.1.Final.pom\nProgress (1): 1.1 kB\rProgress (1): 11 kB \rProgress (1): 17 kB\r                   \rDownloaded from central: https://repo.maven.apache.org/maven2/org/infinispan/infinispan-bom/15.2.1.Final/infinispan-bom-15.2.1.Final.pom (17 kB at 498 kB/s)\nDownloading from central: https://repo.maven.apache.org/maven2/org/infinispan/infinispan-build-configuration-parent/15.2.1.Final/infinispan-build-configuration-parent-15.2.1.Final.pom\nProgress (1): 1.0 kB\rProgress (1): 3.2 kB\rProgress (1): 5.1 kB\rProgress (1): 7.4 kB\rProgress (1): 9.5 kB\rProgress (1): 12 kB \rProgress (1): 14 kB\rProgress (1): 16 kB\rProgress (1): 18 kB\r                   \rDownloaded from central: https://repo.maven.apache.org/maven2/org/infinispan/infinispan-build-configuration-parent/15.2.1.Final/infinispan-build-configuration-parent-15.2.1.Final.pom (18 kB at 481 kB/s)\nDownloading from central: https://repo.maven.apache.org/maven2/com/fasterxml/jackson/jackson-bom/2.19.0/jackson-bom-2.19.0.pom\nProgress (1): 924 B\rProgress (1): 2.7 kB\rProgress (1): 7.4 kB\rProgress (1): 16 kB \rProgress (1): 20 kB\r                   \rDownloaded from central: https://repo.maven.apache.org/maven2/com/fasterxml/jackson/jackson-bom/2.19.0/jackson-bom-2.19.0.pom (20 kB at 506 kB/s)\nDownloading from central: https://repo.maven.apache.org/maven2/com/fasterxml/jackson/jackson-parent/2.19/jackson-parent-2.19.pom\nProgress (1): 1.1 kB\rProgress (1): 2.5 kB\rProgress (1): 4.1 kB\rProgress (1): 6.3 kB\rProgress (1): 6.7 kB\r                    \rDownloaded from central: https://repo.maven.apache.org/maven2/com/fasterxml/jackson/jackson-parent/2.19/jackson-parent-2.19.pom (6.7 kB at 191 kB/s)\nDownloading from central: https://repo.maven.apache.org/maven2/com/fasterxml/oss-parent/65/oss-parent-65.pom\nProgress (1): 952 B\rProgress (1): 2.6 kB\rProgress (1): 4.0 kB\rProgress (1): 6.6 kB\rProgress (1): 9.8 kB\rProgress (1): 12 kB \rProgress (1): 15 kB\rProgress (1): 16 kB\rProgress (1): 20 kB\rProgress (1): 23 kB\r                   \rDownloaded from central: https://repo.maven.apache.org/maven2/com/fasterxml/oss-parent/65/oss-parent-65.pom (23 kB at 578 kB/s)\nDownloading from central: https://repo.maven.apache.org/maven2/org/glassfish/jersey/jersey-bom/3.1.10/jersey-bom-3.1.10.pom\nProgress (1): 841 B\rProgress (1): 8.7 kB\rProgress (1): 20 kB \rProgress (1): 21 kB\r                   \rDownloaded from central: https://repo.maven.apache.org/maven2/org/glassfish/jersey/jersey-bom/3.1.10/jersey-bom-3.1.10.pom (21 kB at 594 kB/s)\nDownloading from central: https://repo.maven.apache.org/maven2/org/eclipse/jetty/ee10/jetty-ee10-bom/12.0.21/jetty-ee10-bom-12.0.21.pom\nProgress (1): 1.1 kB\rProgress (1): 4.6 kB\rProgress (1): 9.6 kB\r                    \rDownloaded from central: https://repo.maven.apache.org/maven2/org/eclipse/jetty/ee10/jetty-ee10-bom/12.0.21/jetty-ee10-bom-12.0.21.pom (9.6 kB at 258 kB/s)\nDownloading from central: https://repo.maven.apache.org/maven2/org/eclipse/jetty/jetty-bom/12.0.21/jetty-bom-12.0.21.pom\nProgress (1): 1.1 kB\rProgress (1): 4.6 kB\rProgress (1): 15 kB \r                   \rDownloaded from central: https://repo.maven.apache.org/maven2/org/eclipse/jetty/jetty-bom/12.0.21/jetty-bom-12.0.21.pom (15 kB at 417 kB/s)\nDownloading from central: https://repo.maven.apache.org/maven2/org/junit/junit-bom/5.12.2/junit-bom-5.12.2.pom\nProgress (1): 908 B\rProgress (1): 4.1 kB\rProgress (1): 5.6 kB\r                    \rDownloaded from central: https://repo.maven.apache.org/maven2/org/junit/junit-bom/5.12.2/junit-bom-5.12.2.pom (5.6 kB at 153 kB/s)\nDownloading from central: https://repo.maven.apache.org/maven2/org/jetbrains/kotlin/kotlin-bom/1.9.25/kotlin-bom-1.9.25.pom\nProgress (1): 908 B\rProgress (1): 5.3 kB\rProgress (1): 9.1 kB\r                    \rDownloaded from central: https://repo.maven.apache.org/maven2/org/jetbrains/kotlin/kotlin-bom/1.9.25/kotlin-bom-1.9.25.pom (9.1 kB at 253 kB/s)\nDownloading from central: https://repo.maven.apache.org/maven2/org/jetbrains/kotlinx/kotlinx-coroutines-bom/1.8.1/kotlinx-coroutines-bom-1.8.1.pom\nProgress (1): 1.2 kB\rProgress (1): 4.3 kB\r                    \rDownlo\n... [output truncated to stay within prompt budget] ...\n at 89 kB/s)\nDownloading from central: https://repo.maven.apache.org/maven2/org/junit/platform/junit-platform-launcher/1.12.1/junit-platform-launcher-1.12.1.pom\nProgress (1): 967 B\rProgress (1): 3.0 kB\r                    \rDownloaded from central: https://repo.maven.apache.org/maven2/org/junit/platform/junit-platform-launcher/1.12.1/junit-platform-launcher-1.12.1.pom (3.0 kB at 87 kB/s)\nDownloading from central: https://repo.maven.apache.org/maven2/org/apache/maven/surefire/surefire-junit-platform/3.5.3/surefire-junit-platform-3.5.3.jar\nDownloading from central: https://repo.maven.apache.org/maven2/org/apache/maven/surefire/common-java5/3.5.3/common-java5-3.5.3.jar\nDownloading from central: https://repo.maven.apache.org/maven2/org/junit/platform/junit-platform-engine/1.12.1/junit-platform-engine-1.12.1.jar\nDownloading from central: https://repo.maven.apache.org/maven2/org/junit/platform/junit-platform-commons/1.12.1/junit-platform-commons-1.12.1.jar\nDownloading from central: https://repo.maven.apache.org/maven2/org/junit/platform/junit-platform-launcher/1.12.1/junit-platform-launcher-1.12.1.jar\nProgress (1): 7.7/27 kB\rProgress (1): 16/27 kB \rProgress (2): 16/27 kB | 4.1/18 kB\rProgress (2): 27 kB | 4.1/18 kB   \r                               \rDownloaded from central: https://repo.maven.apache.org/maven2/org/apache/maven/surefire/surefire-junit-platform/3.5.3/surefire-junit-platform-3.5.3.jar (27 kB at 737 kB/s)\nProgress (2): 4.1/18 kB | 7.7/208 kB\rProgress (2): 4.1/18 kB | 16/208 kB \rProgress (3): 4.1/18 kB | 16/208 kB | 7.7/256 kB\rProgress (3): 4.1/18 kB | 16/208 kB | 16/256 kB \rProgress (3): 4.1/18 kB | 32/208 kB | 16/256 kB\rProgress (4): 4.1/18 kB | 32/208 kB | 16/256 kB | 7.7/152 kB\rProgress (4): 4.1/18 kB | 32/208 kB | 16/256 kB | 16/152 kB \rProgress (4): 4.1/18 kB | 48/208 kB | 16/256 kB | 16/152 kB\rProgress (4): 4.1/18 kB | 48/208 kB | 32/256 kB | 16/152 kB\rProgress (4): 18 kB | 48/208 kB | 32/256 kB | 16/152 kB    \r                                                       \rDownloaded from central: https://repo.maven.apache.org/maven2/org/apache/maven/surefire/common-java5/3.5.3/common-java5-3.5.3.jar (18 kB at 338 kB/s)\nProgress (3): 65/208 kB | 32/256 kB | 16/152 kB\rProgress (3): 65/208 kB | 32/256 kB | 32/152 kB\rProgress (3): 65/208 kB | 48/256 kB | 32/152 kB\rProgress (3): 81/208 kB | 48/256 kB | 32/152 kB\rProgress (3): 98/208 kB | 48/256 kB | 32/152 kB\rProgress (3): 98/208 kB | 65/256 kB | 32/152 kB\rProgress (3): 98/208 kB | 65/256 kB | 49/152 kB\rProgress (3): 114/208 kB | 65/256 kB | 49/152 kB\rProgress (3): 130/208 kB | 65/256 kB | 49/152 kB\rProgress (3): 130/208 kB | 81/256 kB | 49/152 kB\rProgress (3): 147/208 kB | 81/256 kB | 49/152 kB\rProgress (3): 147/208 kB | 81/256 kB | 65/152 kB\rProgress (3): 163/208 kB | 81/256 kB | 65/152 kB\rProgress (3): 163/208 kB | 98/256 kB | 65/152 kB\rProgress (3): 179/208 kB | 98/256 kB | 65/152 kB\rProgress (3): 179/208 kB | 98/256 kB | 81/152 kB\rProgress (3): 179/208 kB | 114/256 kB | 81/152 kB\rProgress (3): 196/208 kB | 114/256 kB | 81/152 kB\rProgress (3): 196/208 kB | 114/256 kB | 98/152 kB\rProgress (3): 208 kB | 114/256 kB | 98/152 kB    \r                                             \rDownloaded from central: https://repo.maven.apache.org/maven2/org/junit/platform/junit-platform-launcher/1.12.1/junit-platform-launcher-1.12.1.jar (208 kB at 2.1 MB/s)\nProgress (2): 130/256 kB | 98/152 kB\rProgress (2): 130/256 kB | 114/152 kB\rProgress (2): 147/256 kB | 114/152 kB\rProgress (2): 147/256 kB | 131/152 kB\rProgress (2): 163/256 kB | 131/152 kB\rProgress (2): 163/256 kB | 147/152 kB\rProgress (2): 180/256 kB | 147/152 kB\rProgress (2): 180/256 kB | 152 kB    \r                                 \rDownloaded from central: https://repo.maven.apache.org/maven2/org/junit/platform/junit-platform-commons/1.12.1/junit-platform-commons-1.12.1.jar (152 kB at 1.3 MB/s)\nProgress (1): 196/256 kB\rProgress (1): 212/256 kB\rProgress (1): 229/256 kB\rProgress (1): 245/256 kB\rProgress (1): 256 kB    \r                    \rDownloaded from central: https://repo.maven.apache.org/maven2/org/junit/platform/junit-platform-engine/1.12.1/junit-platform-engine-1.12.1.jar (256 kB at 2.0 MB/s)\nDownloading from central: https://repo.maven.apache.org/maven2/org/junit/platform/junit-platform-launcher/1.12.2/junit-platform-launcher-1.12.2.pom\nProgress (1): 967 B\rProgress (1): 3.0 kB\r                    \rDownloaded from central: https://repo.maven.apache.org/maven2/org/junit/platform/junit-platform-launcher/1.12.2/junit-platform-launcher-1.12.2.pom (3.0 kB at 89 kB/s)\nDownloading from central: https://repo.maven.apache.org/maven2/org/junit/platform/junit-platform-launcher/1.12.2/junit-platform-launcher-1.12.2.jar\nProgress (1): 7.7/208 kB\rProgress (1): 16/208 kB \rProgress (1): 32/208 kB\rProgress (1): 49/208 kB\rProgress (1): 65/208 kB\rProgress (1): 81/208 kB\rProgress (1): 98/208 kB\rProgress (1): 114/208 kB\rProgress (1): 131/208 kB\rProgress (1): 147/208 kB\rProgress (1): 163/208 kB\rProgress (1): 180/208 kB\rProgress (1): 196/208 kB\rProgress (1): 208 kB    \r                    \rDownloaded from central: https://repo.maven.apache.org/maven2/org/junit/platform/junit-platform-launcher/1.12.2/junit-platform-launcher-1.12.2.jar (208 kB at 2.0 MB/s)\n[INFO] \n[INFO] -------------------------------------------------------\n[INFO]  T E S T S\n[INFO] -------------------------------------------------------\n[INFO] Running com.tomwey2.calculator.CalculatorServiceTest\n[INFO] Tests run: 2, Failures: 0, Errors: 0, Skipped: 0, Time elapsed: 0.052 s -- in com.tomwey2.calculator.CalculatorServiceTest\n[INFO] Running com.tomwey2.calculator.CalculatorApplicationTests\n22:37:59.652 [main] INFO org.springframework.test.context.support.AnnotationConfigContextLoaderUtils -- Could not detect default configuration classes for test class [com.tomwey2.calculator.CalculatorApplicationTests]: CalculatorApplicationTests does not declare any static, non-private, non-final, nested classes annotated with @Configuration.\n22:37:59.852 [main] INFO org.springframework.boot.test.context.SpringBootTestContextBootstrapper -- Found @SpringBootConfiguration com.tomwey2.calculator.CalculatorApplication for test class com.tomwey2.calculator.CalculatorApplicationTests\n\n  .   ____          _            __ _ _\n /\\\\ / ___'_ __ _ _(_)_ __  __ _ \\ \\ \\ \\\n( ( )\\___ | '_ | '_| | '_ \\/ _` | \\ \\ \\ \\\n \\\\/  ___)| |_)| | | | | || (_| |  ) ) ) )\n  '  |____| .__|_| |_|_| |_\\__, | / / / /\n =========|_|==============|___/=/_/_/_/\n\n :: Spring Boot ::                (v3.5.0)\n\n2026-02-12T22:38:01.274Z  INFO 236 --- [calculator] [           main] c.t.c.CalculatorApplicationTests         : Starting CalculatorApplicationTests using Java 21.0.9 with PID 236 (started by root in /coding-agent-workspace)\n2026-02-12T22:38:01.275Z  INFO 236 --- [calculator] [           main] c.t.c.CalculatorApplicationTests         : No active profile set, falling back to 1 default profile: \"default\"\n2026-02-12T22:38:02.171Z  INFO 236 --- [calculator] [           main] o.s.b.w.embedded.tomcat.TomcatWebServer  : Tomcat initialized with port 0 (http)\n2026-02-12T22:38:02.192Z  INFO 236 --- [calculator] [           main] o.apache.catalina.core.StandardService   : Starting service [Tomcat]\n2026-02-12T22:38:02.192Z  INFO 236 --- [calculator] [           main] o.apache.catalina.core.StandardEngine    : Starting Servlet engine: [Apache Tomcat/10.1.41]\n2026-02-12T22:38:02.246Z  INFO 236 --- [calculator] [           main] o.a.c.c.C.[Tomcat].[localhost].[/]       : Initializing Spring embedded WebApplicationContext\n2026-02-12T22:38:02.246Z  INFO 236 --- [calculator] [           main] w.s.c.ServletWebServerApplicationContext : Root WebApplicationContext: initialization completed in 952 ms\n2026-02-12T22:38:02.682Z  INFO 236 --- [calculator] [           main] o.s.b.w.embedded.tomcat.TomcatWebServer  : Tomcat started on port 45077 (http) with context path '/'\n2026-02-12T22:38:02.690Z  INFO 236 --- [calculator] [           main] c.t.c.CalculatorApplicationTests         : Started CalculatorApplicationTests in 1.819 seconds (process running for 4.112)\nMockito is currently self-attaching to enable the inline-mock-maker. This will no longer work in future releases of the JDK. Please add Mockito as an agent to your build as described in Mockito's documentation: https://javadoc.io/doc/org.mockito/mockito-core/latest/org.mockito/org/mockito/Mockito.html#0.3\nOpenJDK 64-Bit Server VM warning: Sharing is only supported for boot loader classes because bootstrap classpath has been appended\nWARNING: A Java agent has been loaded dynamically (/home/gat/.m2/repository/net/bytebuddy/byte-buddy-agent/1.17.5/byte-buddy-agent-1.17.5.jar)\nWARNING: If a serviceability tool is in use, please run with -XX:+EnableDynamicAgentLoading to hide this warning\nWARNING: If a serviceability tool is not in use, please run with -Djdk.instrument.traceUsage for more information\nWARNING: Dynamic loading of agents will be disallowed by default in a future release\n2026-02-12T22:38:03.646Z  INFO 236 --- [calculator] [o-auto-1-exec-1] o.a.c.c.C.[Tomcat].[localhost].[/]       : Initializing Spring DispatcherServlet 'dispatcherServlet'\n2026-02-12T22:38:03.647Z  INFO 236 --- [calculator] [o-auto-1-exec-1] o.s.web.servlet.DispatcherServlet        : Initializing Servlet 'dispatcherServlet'\n2026-02-12T22:38:03.647Z  INFO 236 --- [calculator] [o-auto-1-exec-1] o.s.web.servlet.DispatcherServlet        : Completed initialization in 0 ms\n[INFO] Tests run: 4, Failures: 0, Errors: 0, Skipped: 0, Time elapsed: 4.359 s -- in com.tomwey2.calculator.CalculatorApplicationTests\n[INFO] \n[INFO] Results:\n[INFO] \n[INFO] Tests run: 6, Failures: 0, Errors: 0, Skipped: 0\n[INFO] \n[INFO] ------------------------------------------------------------------------\n[INFO] BUILD SUCCESS\n[INFO] ------------------------------------------------------------------------\n[INFO] Total time:  36.039 s\n[INFO] Finished at: 2026-02-12T22:38:04Z\n[INFO] ------------------------------------------------------------------------\n"
    },
    {
      "type": "ai",
      "content": ""
    },
    {
      "type": "tool",
      "content": "Error: report_test_result is not a valid tool, try one of [thinking, run_command]."
    }
  ],
  "next_step": "coder",
  "task": {
    "id": "698cea1222416deb78edd68b",
    "name": "Implement Division Support for Calculator",
    "description": "# Implement Division Support for Calculator\n\n## Task Description\nAdd division support (a/b) to the calculator application. The current implementation only supports the sum operation (a + b).\n\n---\n\n## Implementation Plan\nA detailed implementation plan has been created in `code/plan.md`. Below is a summary of the required changes:\n\n### 1. Update `CalculatorService`\n- Add a new method `divide(int a, int b)` that returns a `double`.\n- Handle division by zero by throwing an `IllegalArgumentException`.\n\n### 2. Update `CalculatorController`\n- Add a new endpoint `/divide` that calls the `divide` method.\n- Handle `IllegalArgumentException` and return an HTTP 400 Bad Request response.\n\n### 3. Update `CalculatorServiceTest`\n- Add a new test method `divideTest()` to verify the correctness of the `divide` method.\n- Test cases should include:\n  - Division of two positive numbers.\n  - Division of negative numbers.\n  - Division by zero.\n\n### 4. Verify the Implementation\n- Test the new `/divide` endpoint using a tool like Postman or cURL.\n- Ensure error handling works as expected.\n\n---\n\n## Files to Modify\n1. `src/main/java/com/tomwey2/calculator/CalculatorService.java`\n2. `src/main/java/com/tomwey2/calculator/CalculatorController.java`\n3. `src/test/java/com/tomwey2/calculator/CalculatorServiceTest.java`\n\nRefer to `code/plan.md` for detailed instructions.",
    "state_id": "6943bfec39c145d08d6512e9",
    "state_name": "In Progress",
    "url": "https://trello.com/c/oVpf1cQl/129-implement-division-support-for-calculator"
  },
  "task_comments": [
    "Torsten Gallmeister: add integration tests (2026-02-12T21:54:51.676000+00:00)"
  ],
  "pr_review_message": "",
  "task_type": "coding",
  "task_skill_level": "junior",
  "task_skill_level_reasoning": "The task involves adding a new feature with explicit, step-by-step instructions, isolated to specific files, and low risk of breaking the system.",
  "agent_stack": "backend",
  "agent_skill_level": "senior",
  "agent_summary": [
    "**[Coder]** The division support for the calculator application has been implemented. The `CalculatorService` includes the `divide` method, the `CalculatorController` has the `/divide` endpoint, and the `CalculatorServiceTest` includes unit tests. Additionally, integration tests for the `/divide` endpoint have been added to `CalculatorApplicationTests` to verify the functionality and error handling.",
    "**[Tester]** Tests passed."
  ],
  "plan_state": null,
  "current_node": "tester",
  "prompt": "Test the code.",
  "system_prompt": "# ROLE\nYou are a **Lead QA & DevOps Engineer**.\nYour responsibility is to validate changes made by the Coder or Bugfixer and manage the version control state.\nYou are the **GATEKEEPER**: No broken code is allowed to enter the repository.\n\n# CONTEXT & WORKFLOW\n- **Input:** You receive the codebase AFTER the Coder/Bugfixer has modified files.\n- **Your Job:** Verify the changes using the build tools and manage the Git lifecycle.\n- **Output:**\n  - IF SUCCESS: report \"pass\".\n  - IF FAILURE: report \"fail\" with error details (so the Bugfixer can try again).\n\n# TECH STACK\n- **Language:** Java 21\n- **Framework:** Spring Boot 3.2 (Web, JPA)\n- **Build Tool:** Maven\n- **Other:** ['Lombok']\n\n# MANDATORY WORKFLOW (STRICT ORDER)\n\n1.  **EXECUTE TESTS:**\n    - First, use the `run_command` tool to find the `pom.xml` file that will be used to run the tests (use `find . -name 'pom.xml' -type f`).\n    - Call `thinking` to report your plan.\n    - Use the tool `run_command` with `mvn clean test -f <path/to/pom.xml>`.\n    - *Wait* for the execution to finish.\n    - Analyze the output. Look for \"BUILD SUCCESS\" or \"BUILD FAILURE\".\n    - If the test command `mvn clean test -f <path/to/pom.xml>` can't be executed, report the tests as failed.\n\n2.  **DECISION POINT:**\n\n    **IF TESTS FAIL (or Build Fails):**\n    - **STOP immediately.**\n    - Do **NOT** run any Git commands (no add, no commit).\n    - Analyze the failure logs (stack traces, assertion errors).\n    - Call `report_test_result` with:\n        - `result`: \"fail\"\n        - `summary`: A concise description of WHAT failed (e.g., \"NPE in UserServiceTest line 45\" or \"Compilation error in Controller\").\n\n    **IF TESTS PASS:**\n    - Call `report_test_result` with:\n        - `result`: \"pass\"\n        - `summary`: \"Tests passed.\"\n\n# CONSTRAINTS & RULES\n1.  **ALWAYS** execute tests. Never call report_test_result before part 1. of the execution plan.\n2.  **NO CODE EDITING:** You are NOT a coder. Do not use `write_to_file`. If code is broken, send it back to the Bugfixer.\n3.  **FAIL FAST:** If the environment is broken (e.g., Docker error), report it as a failure immediately.\n4.  **Never** create new branches or tags.\n5.  **ALWAYS** finish with 'report_test_result'.",
  "tech_stack": {
    "language": "Java 21",
    "framework": "Spring Boot 3.2 (Web, JPA)",
    "build_tool": "Maven",
    "database": "PostgreSQL",
    "other": [
      "Lombok"
    ],
    "scripts": {
      "test": "mvn clean test -f <path/to/pom.xml>",
      "build": "mvn clean package -f <path/to/pom.xml>",
      "run": "mvn spring-boot:run"
    }
  },
  "last_update": "2026-02-12T22:38:05.287016+00:00"
}